Arguments: 
  /usr/local/bin/node /usr/local/bin/yarn add --dev gh-ages

PATH: 
  /opt/local/bin:/opt/local/sbin://anaconda/bin:/Library/Frameworks/Python.framework/Versions/2.7/bin:/usr/local/bin:/usr/bin:/bin:/usr/sbin:/sbin:/Library/TeX/texbin:/opt/X11/bin://Users/jakebillings/Library/Android/sdk/platform-tools://Users/jakebillings/library/Android/sdk/tools:/Users/jakebillings/Dev/frameworks/ant/bin

Yarn version: 
  1.7.0

Node version: 
  8.11.3

Platform: 
  darwin x64

Trace: 
  Error: https://registry.yarnpkg.com/gh-ages: Not found
      at Request.params.callback [as _callback] (/usr/local/lib/node_modules/yarn/lib/cli.js:65656:18)
      at Request.self.callback (/usr/local/lib/node_modules/yarn/lib/cli.js:134675:22)
      at emitTwo (events.js:126:13)
      at Request.emit (events.js:214:7)
      at Request.<anonymous> (/usr/local/lib/node_modules/yarn/lib/cli.js:135658:10)
      at emitOne (events.js:116:13)
      at Request.emit (events.js:211:7)
      at IncomingMessage.<anonymous> (/usr/local/lib/node_modules/yarn/lib/cli.js:135578:12)
      at Object.onceWrapper (events.js:313:30)
      at emitNone (events.js:111:20)

npm manifest: 
  {
    "name": "disaster-map-client",
    "version": "1.0.0",
    "description": "This repository contains client application to view data collected by our SMS chat bot - a.k.a. the disaster map. This was build for the Call for Code hackathon. Powered by RCOS and IBM.",
    "main": "index.js",
    "repository": "git@github.com:disaster-assist/disaster-map-client.git",
    "author": "jakebillings <jake@jakebillings.com>",
    "license": "MIT",
    "private": true,
    "dependencies": {
      "gmaps-heatmap": "^1.0.2",
      "heatmapjs": "^2.0.2",
      "jquery": "^3.3.1"
    },
    "devDependencies": {},
    "scripts": {
      "deploy": "git push -f origin gh-pages:gh-pages && git branch -D gh-pages"
    },
    "gh-pages-deploy": {
      "noprompt": true
    }
  }

yarn manifest: 
  No manifest

Lockfile: 
  # THIS IS AN AUTOGENERATED FILE. DO NOT EDIT THIS FILE DIRECTLY.
  # yarn lockfile v1
  
  
  gmaps-heatmap@^1.0.2:
    version "1.0.2"
    resolved "https://registry.yarnpkg.com/gmaps-heatmap/-/gmaps-heatmap-1.0.2.tgz#c2fb88d7e88480efb14847def5d7f156d1182b96"
    dependencies:
      google-maps "*"
      heatmap.js "*"
  
  google-maps@*:
    version "3.3.0"
    resolved "https://registry.yarnpkg.com/google-maps/-/google-maps-3.3.0.tgz#4432b4715406bc15268ad35b1dd1b04d974956a6"
  
  heatmap.js@*:
    version "2.0.5"
    resolved "https://registry.yarnpkg.com/heatmap.js/-/heatmap.js-2.0.5.tgz#466d3b86513f5d49112a49d25700ab2730149153"
  
  heatmapjs@^2.0.2:
    version "2.0.2"
    resolved "https://registry.yarnpkg.com/heatmapjs/-/heatmapjs-2.0.2.tgz#4763dee6fc9ff794dde20b8db028c204ff6bec87"
  
  jquery@^3.3.1:
    version "3.3.1"
    resolved "https://registry.yarnpkg.com/jquery/-/jquery-3.3.1.tgz#958ce29e81c9790f31be7792df5d4d95fc57fbca"
